\BOOKMARK [1][-]{section.1}{\376\377\000I\000n\000t\000r\000o\000d\000u\000c\000t\000i\000o\000n}{}% 1
\BOOKMARK [1][-]{section.2}{\376\377\000B\000a\000c\000k\000g\000r\000o\000u\000n\000d\000\040\000a\000n\000d\000\040\000R\000e\000l\000a\000t\000e\000d\000\040\000W\000o\000r\000k}{}% 2
\BOOKMARK [2][-]{subsection.2.1}{\376\377\000C\000h\000a\000r\000g\000i\000n\000g\000\040\000S\000t\000r\000a\000t\000e\000g\000i\000e\000s}{section.2}% 3
\BOOKMARK [3][-]{subsubsection.2.1.1}{\376\377\000C\000o\000n\000s\000t\000a\000n\000t\000\040\000C\000u\000r\000r\000e\000n\000t\000\040\000C\000o\000n\000s\000t\000a\000n\000t\000\040\000V\000o\000l\000t\000a\000g\000e\000\040\000\050\000C\000C\000C\000V\000\051}{subsection.2.1}% 4
\BOOKMARK [3][-]{subsubsection.2.1.2}{\376\377\000M\000o\000d\000e\000l\000\040\000P\000r\000e\000d\000i\000c\000t\000i\000v\000e\000\040\000C\000o\000n\000t\000r\000o\000l\000\040\000\050\000M\000P\000C\000\051}{subsection.2.1}% 5
\BOOKMARK [2][-]{subsection.2.2}{\376\377\000R\000e\000i\000n\000f\000o\000r\000c\000e\000m\000e\000n\000t\000\040\000L\000e\000a\000r\000n\000i\000n\000g\000\040\000f\000o\000r\000\040\000B\000a\000t\000t\000e\000r\000y\000\040\000C\000o\000n\000t\000r\000o\000l}{section.2}% 6
\BOOKMARK [3][-]{subsubsection.2.2.1}{\376\377\000M\000o\000d\000e\000l\000\040\000f\000r\000e\000e\000\040\000r\000e\000i\000n\000f\000o\000r\000c\000e\000m\000e\000n\000t\000\040\000l\000e\000a\000r\000n\000i\000n\000g}{subsection.2.2}% 7
\BOOKMARK [3][-]{subsubsection.2.2.2}{\376\377\000M\000o\000d\000e\000l\000\040\000b\000a\000s\000e\000d\000\040\000r\000e\000i\000n\000f\000o\000r\000c\000e\000m\000e\000n\000t\000\040\000l\000e\000a\000r\000n\000i\000n\000g}{subsection.2.2}% 8
\BOOKMARK [3][-]{subsubsection.2.2.3}{\376\377\000S\000a\000f\000e\000\040\000r\000e\000i\000n\000f\000o\000r\000c\000e\000m\000e\000n\000t\000\040\000l\000e\000a\000r\000n\000i\000n\000g\000\040\000w\000i\000t\000h\000\040\000s\000a\000f\000e\000t\000y\000\040\000l\000a\000y\000e\000r\000s\000\040\000a\000n\000d\000\040\000s\000h\000i\000e\000l\000d\000i\000n\000g}{subsection.2.2}% 9
\BOOKMARK [3][-]{subsubsection.2.2.4}{\376\377\000R\000e\000s\000i\000d\000u\000a\000l\000\040\000p\000o\000l\000i\000c\000y\000\040\000l\000e\000a\000r\000n\000i\000n\000g\000\040\000o\000v\000e\000r\000\040\000a\000\040\000b\000a\000s\000e\000l\000i\000n\000e\000\040\000c\000o\000n\000t\000r\000o\000l\000l\000e\000r}{subsection.2.2}% 10
\BOOKMARK [2][-]{subsection.2.3}{\376\377\000U\000n\000c\000e\000r\000t\000a\000i\000n\000t\000y\000\040\000Q\000u\000a\000n\000t\000i\000f\000i\000c\000a\000t\000i\000o\000n\000\040\000a\000n\000d\000\040\000E\000n\000s\000e\000m\000b\000l\000e\000\040\000M\000e\000t\000h\000o\000d\000s}{section.2}% 11
\BOOKMARK [1][-]{section.3}{\376\377\000P\000r\000o\000b\000l\000e\000m\000\040\000F\000o\000r\000m\000u\000l\000a\000t\000i\000o\000n}{}% 12
\BOOKMARK [2][-]{subsection.3.1}{\376\377\000M\000o\000t\000i\000v\000a\000t\000i\000o\000n}{section.3}% 13
\BOOKMARK [2][-]{subsection.3.2}{\376\377\000S\000y\000m\000b\000o\000l\000s\000\040\000a\000n\000d\000\040\000i\000n\000d\000i\000c\000e\000s}{section.3}% 14
\BOOKMARK [2][-]{subsection.3.3}{\376\377\000B\000a\000t\000t\000e\000r\000y\000\040\000a\000n\000d\000\040\000p\000a\000c\000k\000\040\000m\000o\000d\000e\000l}{section.3}% 15
\BOOKMARK [3][-]{subsubsection.3.3.1}{\376\377\000S\000i\000n\000g\000l\000e\000\040\000c\000e\000l\000l\000\040\000e\000l\000e\000c\000t\000r\000o\000\040\000t\000h\000e\000r\000m\000a\000l\000\040\000d\000y\000n\000a\000m\000i\000c\000s}{subsection.3.3}% 16
\BOOKMARK [3][-]{subsubsection.3.3.2}{\376\377\000A\000g\000i\000n\000g\000\040\000m\000o\000d\000e\000l\000\040\000a\000n\000d\000\040\000p\000a\000r\000a\000m\000e\000t\000e\000r\000\040\000c\000o\000u\000p\000l\000i\000n\000g}{subsection.3.3}% 17
\BOOKMARK [3][-]{subsubsection.3.3.3}{\376\377\000P\000a\000c\000k\000\040\000h\000e\000t\000e\000r\000o\000g\000e\000n\000e\000i\000t\000y\000\040\000a\000n\000d\000\040\000t\000h\000e\000r\000m\000a\000l\000\040\000c\000o\000u\000p\000l\000i\000n\000g}{subsection.3.3}% 18
\BOOKMARK [3][-]{subsubsection.3.3.4}{\376\377\000B\000M\000S\000\040\000r\000e\000a\000l\000i\000s\000m\000\040\000t\000h\000r\000o\000u\000g\000h\000\040\000s\000e\000n\000s\000o\000r\000\040\000n\000o\000i\000s\000e\000\040\000a\000n\000d\000\040\000e\000s\000t\000i\000m\000a\000t\000i\000o\000n}{subsection.3.3}% 19
\BOOKMARK [2][-]{subsection.3.4}{\376\377\000C\000o\000n\000s\000t\000r\000a\000i\000n\000e\000d\000\040\000M\000a\000r\000k\000o\000v\000\040\000D\000e\000c\000i\000s\000i\000o\000n\000\040\000P\000r\000o\000c\000e\000s\000s\000\050\000C\000M\000D\000P\000\051\000\040\000s\000p\000e\000c\000i\000f\000i\000c\000a\000t\000i\000o\000n}{section.3}% 20
\BOOKMARK [3][-]{subsubsection.3.4.1}{\376\377\000S\000t\000a\000t\000e\000\040\000s\000p\000a\000c\000e}{subsection.3.4}% 21
\BOOKMARK [3][-]{subsubsection.3.4.2}{\376\377\000A\000c\000t\000i\000o\000n\000\040\000s\000p\000a\000c\000e}{subsection.3.4}% 22
\BOOKMARK [3][-]{subsubsection.3.4.3}{\376\377\000R\000e\000w\000a\000r\000d\000\040\000d\000e\000s\000i\000g\000n}{subsection.3.4}% 23
\BOOKMARK [3][-]{subsubsection.3.4.4}{\376\377\000H\000a\000r\000d\000\040\000s\000a\000f\000e\000t\000y\000\040\000c\000o\000n\000s\000t\000r\000a\000i\000n\000t\000s\000,\000\040\000c\000o\000s\000t\000,\000\040\000a\000n\000d\000\040\000t\000e\000r\000m\000i\000n\000a\000t\000i\000o\000n}{subsection.3.4}% 24
\BOOKMARK [1][-]{section.4}{\376\377\000M\000e\000t\000h\000o\000d\000o\000l\000o\000g\000y\000:\000\040\000S\000a\000f\000e\000\040\000A\000d\000a\000p\000t\000i\000v\000e\000\040\000E\000n\000s\000e\000m\000b\000l\000e\000\040\000R\000e\000i\000n\000f\000o\000r\000c\000e\000m\000e\000n\000t\000\040\000L\000e\000a\000r\000n\000i\000n\000g\000\050\000S\000A\000E\000R\000L\000\051}{}% 25
\BOOKMARK [2][-]{subsection.4.1}{\376\377\000D\000e\000s\000i\000g\000n\000\040\000r\000a\000t\000i\000o\000n\000a\000l\000e}{section.4}% 26
\BOOKMARK [2][-]{subsection.4.2}{\376\377\000P\000r\000e\000d\000i\000c\000t\000i\000v\000e\000\040\000e\000n\000s\000e\000m\000b\000l\000e\000\040\000a\000n\000d\000\040\000u\000n\000c\000e\000r\000t\000a\000i\000n\000t\000y}{section.4}% 27
\BOOKMARK [2][-]{subsection.4.3}{\376\377\000A\000d\000a\000p\000t\000i\000v\000e\000\040\000g\000a\000t\000i\000n\000g\000\040\000n\000e\000t\000w\000o\000r\000k}{section.4}% 28
\BOOKMARK [2][-]{subsection.4.4}{\376\377\000R\000e\000s\000i\000d\000u\000a\000l\000\040\000p\000o\000l\000i\000c\000y\000\040\000o\000v\000e\000r\000\040\000a\000n\000\040\000M\000P\000C\000\040\000b\000a\000s\000e\000l\000i\000n\000e}{section.4}% 29
\BOOKMARK [2][-]{subsection.4.5}{\376\377\000S\000a\000f\000e\000t\000y\000\040\000s\000h\000i\000e\000l\000d\000\040\000u\000s\000i\000n\000g\000\040\000o\000n\000e\000\040\000s\000t\000e\000p\000\040\000p\000h\000y\000s\000i\000c\000s\000\040\000r\000o\000l\000l\000o\000u\000t}{section.4}% 30
\BOOKMARK [3][-]{subsubsection.4.5.1}{\376\377\000C\000a\000n\000d\000i\000d\000a\000t\000e\000\040\000g\000e\000n\000e\000r\000a\000t\000i\000o\000n}{subsection.4.5}% 31
\BOOKMARK [3][-]{subsubsection.4.5.2}{\376\377\000O\000n\000e\000\040\000s\000t\000e\000p\000\040\000f\000e\000a\000s\000i\000b\000i\000l\000i\000t\000y\000\040\000c\000h\000e\000c\000k}{subsection.4.5}% 32
\BOOKMARK [3][-]{subsubsection.4.5.3}{\376\377\000C\000o\000s\000t\000\040\000b\000a\000s\000e\000d\000\040\000r\000a\000n\000k\000i\000n\000g\000\040\000o\000f\000\040\000s\000a\000f\000e\000\040\000c\000a\000n\000d\000i\000d\000a\000t\000e\000s}{subsection.4.5}% 33
\BOOKMARK [3][-]{subsubsection.4.5.4}{\376\377\000F\000a\000l\000l\000b\000a\000c\000k\000\040\000a\000n\000d\000\040\000a\000n\000t\000i\000\040\000s\000t\000a\000l\000l}{subsection.4.5}% 34
\BOOKMARK [2][-]{subsection.4.6}{\376\377\000T\000r\000a\000i\000n\000i\000n\000g\000\040\000p\000r\000o\000c\000e\000d\000u\000r\000e}{section.4}% 35
\BOOKMARK [1][-]{section.5}{\376\377\000E\000x\000p\000e\000r\000i\000m\000e\000n\000t\000a\000l\000\040\000S\000e\000t\000u\000p}{}% 36
\BOOKMARK [2][-]{subsection.5.1}{\376\377\000B\000a\000t\000t\000e\000r\000y\000\040\000P\000a\000c\000k\000\040\000S\000i\000m\000u\000l\000a\000t\000i\000o\000n\000\040\000E\000n\000v\000i\000r\000o\000n\000m\000e\000n\000t}{section.5}% 37
\BOOKMARK [3][-]{subsubsection.5.1.1}{\376\377\000P\000e\000r\000\040\000c\000e\000l\000l\000\040\000d\000y\000n\000a\000m\000i\000c\000s}{subsection.5.1}% 38
\BOOKMARK [3][-]{subsubsection.5.1.2}{\376\377\000T\000h\000e\000r\000m\000a\000l\000\040\000m\000o\000d\000e\000l}{subsection.5.1}% 39
\BOOKMARK [3][-]{subsubsection.5.1.3}{\376\377\000A\000g\000i\000n\000g\000\040\000l\000a\000w}{subsection.5.1}% 40
\BOOKMARK [3][-]{subsubsection.5.1.4}{\376\377\000H\000e\000t\000e\000r\000o\000g\000e\000n\000e\000i\000t\000y\000\040\000a\000n\000d\000\040\000m\000e\000a\000s\000u\000r\000e\000m\000e\000n\000t\000\040\000m\000o\000d\000e\000l}{subsection.5.1}% 41
\BOOKMARK [2][-]{subsection.5.2}{\376\377\000F\000a\000s\000t\000\040\000C\000h\000a\000r\000g\000i\000n\000g\000\040\000S\000c\000e\000n\000a\000r\000i\000o\000s}{section.5}% 42
\BOOKMARK [2][-]{subsection.5.3}{\376\377\000B\000a\000s\000e\000l\000i\000n\000e\000s\000\040\000a\000n\000d\000\040\000E\000v\000a\000l\000u\000a\000t\000i\000o\000n\000\040\000P\000r\000o\000t\000o\000c\000o\000l}{section.5}% 43
\BOOKMARK [2][-]{subsection.5.4}{\376\377\000T\000r\000a\000i\000n\000i\000n\000g\000\040\000a\000n\000d\000\040\000H\000y\000p\000e\000r\000p\000a\000r\000a\000m\000e\000t\000e\000r\000s}{section.5}% 44
\BOOKMARK [1][-]{section.6}{\376\377\000R\000e\000s\000u\000l\000t\000s}{}% 45
\BOOKMARK [2][-]{subsection.6.1}{\376\377\000O\000v\000e\000r\000a\000l\000l\000\040\000B\000e\000n\000c\000h\000m\000a\000r\000k\000\040\000P\000e\000r\000f\000o\000r\000m\000a\000n\000c\000e}{section.6}% 46
\BOOKMARK [2][-]{subsection.6.2}{\376\377\000A\000c\000c\000e\000p\000t\000a\000n\000c\000e\000\040\000b\000y\000\040\000C\000r\000i\000t\000e\000r\000i\000o\000n}{section.6}% 47
\BOOKMARK [2][-]{subsection.6.3}{\376\377\000R\000e\000s\000u\000l\000t\000s\000\040\000b\000y\000\040\000D\000a\000t\000a\000s\000e\000t\000\040\000F\000a\000m\000i\000l\000y\000\040\000a\000n\000d\000\040\000O\000b\000j\000e\000c\000t\000i\000v\000e}{section.6}% 48
\BOOKMARK [2][-]{subsection.6.4}{\376\377\000F\000a\000i\000l\000u\000r\000e\000\040\000M\000o\000d\000e\000\040\000A\000n\000a\000l\000y\000s\000i\000s}{section.6}% 49
\BOOKMARK [2][-]{subsection.6.5}{\376\377\000T\000r\000a\000i\000n\000i\000n\000g\000\040\000D\000i\000a\000g\000n\000o\000s\000t\000i\000c\000s\000\040\000a\000n\000d\000\040\000E\000x\000p\000l\000a\000n\000a\000t\000i\000o\000n\000\040\000o\000f\000\040\000t\000h\000e\000\040\000D\000o\000m\000a\000i\000n\000\040\000G\000a\000p}{section.6}% 50
\BOOKMARK [2][-]{subsection.6.6}{\376\377\000A\000b\000l\000a\000t\000i\000o\000n\000\040\000S\000t\000u\000d\000i\000e\000s}{section.6}% 51
\BOOKMARK [2][-]{subsection.6.7}{\376\377\000A\000d\000a\000p\000t\000i\000v\000e\000\040\000G\000a\000t\000e\000\040\000a\000n\000d\000\040\000U\000n\000c\000e\000r\000t\000a\000i\000n\000t\000y\000\040\000D\000y\000n\000a\000m\000i\000c\000s}{section.6}% 52
\BOOKMARK [2][-]{subsection.6.8}{\376\377\000I\000n\000f\000e\000r\000e\000n\000c\000e\000\040\000L\000a\000t\000e\000n\000c\000y\000\040\000a\000n\000d\000\040\000C\000o\000m\000p\000u\000t\000a\000t\000i\000o\000n\000a\000l\000\040\000O\000v\000e\000r\000h\000e\000a\000d}{section.6}% 53
\BOOKMARK [2][-]{subsection.6.9}{\376\377\000C\000a\000s\000e\000\040\000S\000t\000u\000d\000y\000\040\000o\000n\000\040\000a\000\040\000S\000u\000c\000c\000e\000s\000s\000f\000u\000l\000\040\000M\000A\000T\000R\000\040\000F\000a\000s\000t\000\040\000C\000h\000a\000r\000g\000e}{section.6}% 54
\BOOKMARK [2][-]{subsection.6.10}{\376\377\000O\000v\000e\000r\000a\000l\000l\000\040\000I\000n\000t\000e\000r\000p\000r\000e\000t\000a\000t\000i\000o\000n}{section.6}% 55
\BOOKMARK [1][-]{section.7}{\376\377\000D\000i\000s\000c\000u\000s\000s\000i\000o\000n}{}% 56
\BOOKMARK [1][-]{section.8}{\376\377\000L\000i\000m\000i\000t\000a\000t\000i\000o\000n\000s\000\040\000a\000n\000d\000\040\000F\000u\000t\000u\000r\000e\000\040\000W\000o\000r\000k}{}% 57
\BOOKMARK [1][-]{section.9}{\376\377\000C\000o\000n\000c\000l\000u\000s\000i\000o\000n}{}% 58
\BOOKMARK [1][-]{appendix.A}{\376\377\000H\000y\000p\000e\000r\000p\000a\000r\000a\000m\000e\000t\000e\000r\000s}{}% 59
\BOOKMARK [1][-]{appendix.B}{\376\377\000A\000d\000d\000i\000t\000i\000o\000n\000a\000l\000\040\000R\000e\000s\000u\000l\000t\000s}{}% 60
\BOOKMARK [2][-]{subsection.B.1}{\376\377\000S\000e\000e\000d\000\040\000V\000a\000r\000i\000a\000n\000c\000e}{appendix.B}% 61
\BOOKMARK [2][-]{subsection.B.2}{\376\377\000P\000e\000r\000-\000C\000e\000l\000l\000\040\000P\000e\000r\000f\000o\000r\000m\000a\000n\000c\000e}{appendix.B}% 62
\BOOKMARK [2][-]{subsection.B.3}{\376\377\000C\000o\000m\000p\000u\000t\000a\000t\000i\000o\000n\000a\000l\000\040\000O\000v\000e\000r\000h\000e\000a\000d\000\040\000B\000r\000e\000a\000k\000d\000o\000w\000n}{appendix.B}% 63
